<?xml version="1.0" encoding="UTF-8"?>
<!-- Generated by org.testng.reporters.JUnitXMLReporter -->
<testsuite ignored="5" hostname="DESKTOP-UMSHTSG" failures="0" tests="1" name="Default test" time="0.087" errors="0" timestamp="2022-05-27T13:14:25 IST">
  <testcase classname="testclasses.Verifyactiveheaderstng" name="@BeforeTest lanchBrowser" time="-1.65363746509E9">
    <failure type="org.testng.TestNGException" message="
Parameter &amp;apos;Browesersnme&amp;apos; is required by BeforeTest on method lanchBrowser but has not been marked @Optional or defined
in C:\Users\hp\AppData\Local\Temp\testng-eclipse--1256110152\testng-customsuite.xml">
      <![CDATA[org.testng.TestNGException: 
Parameter 'Browesersnme' is required by BeforeTest on method lanchBrowser but has not been marked @Optional or defined
in C:\Users\hp\AppData\Local\Temp\testng-eclipse--1256110152\testng-customsuite.xml
at org.testng.internal.Parameters.createParams(Parameters.java:270)
at org.testng.internal.Parameters.createParametersForMethod(Parameters.java:358)
at org.testng.internal.Parameters.createParameters(Parameters.java:700)
at org.testng.internal.Parameters.createConfigurationParameters(Parameters.java:168)
at org.testng.internal.ConfigInvoker.invokeConfigurations(ConfigInvoker.java:302)
at org.testng.TestRunner.invokeTestConfigurations(TestRunner.java:637)
at org.testng.TestRunner.beforeRun(TestRunner.java:627)
at org.testng.TestRunner.run(TestRunner.java:589)
at org.testng.SuiteRunner.runTest(SuiteRunner.java:377)
at org.testng.SuiteRunner.runSequentially(SuiteRunner.java:371)
at org.testng.SuiteRunner.privateRun(SuiteRunner.java:332)
at org.testng.SuiteRunner.run(SuiteRunner.java:276)
at org.testng.SuiteRunnerWorker.runSuite(SuiteRunnerWorker.java:53)
at org.testng.SuiteRunnerWorker.run(SuiteRunnerWorker.java:96)
at org.testng.TestNG.runSuitesSequentially(TestNG.java:1212)
at org.testng.TestNG.runSuitesLocally(TestNG.java:1134)
at org.testng.TestNG.runSuites(TestNG.java:1063)
at org.testng.TestNG.run(TestNG.java:1031)
at org.testng.remote.AbstractRemoteTestNG.run(AbstractRemoteTestNG.java:115)
at org.testng.remote.RemoteTestNG.initAndRun(RemoteTestNG.java:251)
at org.testng.remote.RemoteTestNG.main(RemoteTestNG.java:77)
]]>
    </failure>
  </testcase> <!-- @BeforeTest lanchBrowser -->
  <testcase classname="testclasses.Verifyactiveheaderstng" name="@BeforeClass createPomObjects" time="-1.653637465131E9">
    <skipped/>
  </testcase> <!-- @BeforeClass createPomObjects -->
  <testcase classname="testclasses.Verifyactiveheaderstng" name="@BeforeMethod openhompage" time="-1.653637465148E9">
    <skipped/>
  </testcase> <!-- @BeforeMethod openhompage -->
  <testcase classname="testclasses.Verifyactiveheaderstng" name="@AfterMethod checkit" time="-1.65363746516E9">
    <skipped/>
  </testcase> <!-- @AfterMethod checkit -->
  <testcase classname="testclasses.Verifyactiveheaderstng" name="@AfterTest close" time="-1.653637465167E9">
    <skipped/>
  </testcase> <!-- @AfterTest close -->
  <testcase classname="testclasses.Verifyactiveheaderstng" name="verifymobtab" time="0.0">
    <skipped/>
  </testcase> <!-- verifymobtab -->
  <testcase classname="testclasses.Verifyactiveheaderstng" name="alllist" time="0.0">
    <ignored/>
  </testcase> <!-- alllist -->
  <testcase classname="testclasses.Verifyactiveheaderstng" name="clickall1" time="0.0">
    <ignored/>
  </testcase> <!-- clickall1 -->
  <testcase classname="testclasses.Verifyactiveheaderstng" name="realopen" time="0.0">
    <ignored/>
  </testcase> <!-- realopen -->
  <testcase classname="testclasses.Verifyactiveheaderstng" name="ss" time="0.0">
    <ignored/>
  </testcase> <!-- ss -->
  <testcase classname="testclasses.Verifyactiveheaderstng" name="verifycustomerservicetab" time="0.0">
    <ignored/>
  </testcase> <!-- verifycustomerservicetab -->
</testsuite> <!-- Default test -->
